<?xml version="1.0" encoding="UTF-8"?>
<testsuite xmlns:xsi="http://www.w3.org/2001/XMLSchema-instance" xsi:noNamespaceSchemaLocation="https://maven.apache.org/surefire/maven-surefire-plugin/xsd/surefire-test-report.xsd" name="com.test.SampleTest" time="0.083" tests="1" errors="1" skipped="0" failures="0">
  <properties>
    <property name="sun.desktop" value="windows"/>
    <property name="awt.toolkit" value="sun.awt.windows.WToolkit"/>
    <property name="file.encoding.pkg" value="sun.io"/>
    <property name="java.specification.version" value="1.8"/>
    <property name="sun.cpu.isalist" value="amd64"/>
    <property name="sun.jnu.encoding" value="GBK"/>
    <property name="java.class.path" value="D:\IDear项目\mybatis_plus_demo\target\test-classes;D:\IDear项目\mybatis_plus_demo\target\classes;E:\repo\org\springframework\boot\spring-boot-starter\2.1.6.RELEASE\spring-boot-starter-2.1.6.RELEASE.jar;E:\repo\org\springframework\boot\spring-boot\2.1.6.RELEASE\spring-boot-2.1.6.RELEASE.jar;E:\repo\org\springframework\spring-context\5.1.8.RELEASE\spring-context-5.1.8.RELEASE.jar;E:\repo\org\springframework\spring-aop\5.1.8.RELEASE\spring-aop-5.1.8.RELEASE.jar;E:\repo\org\springframework\spring-expression\5.1.8.RELEASE\spring-expression-5.1.8.RELEASE.jar;E:\repo\org\springframework\boot\spring-boot-autoconfigure\2.1.6.RELEASE\spring-boot-autoconfigure-2.1.6.RELEASE.jar;E:\repo\org\springframework\boot\spring-boot-starter-logging\2.1.6.RELEASE\spring-boot-starter-logging-2.1.6.RELEASE.jar;E:\repo\ch\qos\logback\logback-classic\1.2.3\logback-classic-1.2.3.jar;E:\repo\ch\qos\logback\logback-core\1.2.3\logback-core-1.2.3.jar;E:\repo\org\apache\logging\log4j\log4j-to-slf4j\2.11.2\log4j-to-slf4j-2.11.2.jar;E:\repo\org\apache\logging\log4j\log4j-api\2.11.2\log4j-api-2.11.2.jar;E:\repo\org\slf4j\jul-to-slf4j\1.7.26\jul-to-slf4j-1.7.26.jar;E:\repo\javax\annotation\javax.annotation-api\1.3.2\javax.annotation-api-1.3.2.jar;E:\repo\org\springframework\spring-core\5.1.8.RELEASE\spring-core-5.1.8.RELEASE.jar;E:\repo\org\springframework\spring-jcl\5.1.8.RELEASE\spring-jcl-5.1.8.RELEASE.jar;E:\repo\org\yaml\snakeyaml\1.23\snakeyaml-1.23.jar;E:\repo\org\springframework\boot\spring-boot-starter-test\2.1.6.RELEASE\spring-boot-starter-test-2.1.6.RELEASE.jar;E:\repo\org\springframework\boot\spring-boot-test-autoconfigure\2.1.6.RELEASE\spring-boot-test-autoconfigure-2.1.6.RELEASE.jar;E:\repo\com\jayway\jsonpath\json-path\2.4.0\json-path-2.4.0.jar;E:\repo\net\minidev\json-smart\2.3\json-smart-2.3.jar;E:\repo\net\minidev\accessors-smart\1.2\accessors-smart-1.2.jar;E:\repo\org\ow2\asm\asm\5.0.4\asm-5.0.4.jar;E:\repo\org\slf4j\slf4j-api\1.7.26\slf4j-api-1.7.26.jar;E:\repo\org\assertj\assertj-core\3.11.1\assertj-core-3.11.1.jar;E:\repo\org\mockito\mockito-core\2.23.4\mockito-core-2.23.4.jar;E:\repo\net\bytebuddy\byte-buddy\1.9.13\byte-buddy-1.9.13.jar;E:\repo\net\bytebuddy\byte-buddy-agent\1.9.13\byte-buddy-agent-1.9.13.jar;E:\repo\org\objenesis\objenesis\2.6\objenesis-2.6.jar;E:\repo\org\hamcrest\hamcrest-core\1.3\hamcrest-core-1.3.jar;E:\repo\org\hamcrest\hamcrest-library\1.3\hamcrest-library-1.3.jar;E:\repo\org\skyscreamer\jsonassert\1.5.0\jsonassert-1.5.0.jar;E:\repo\com\vaadin\external\google\android-json\0.0.20131108.vaadin1\android-json-0.0.20131108.vaadin1.jar;E:\repo\org\springframework\spring-test\5.1.8.RELEASE\spring-test-5.1.8.RELEASE.jar;E:\repo\org\xmlunit\xmlunit-core\2.6.2\xmlunit-core-2.6.2.jar;E:\repo\org\projectlombok\lombok\1.18.8\lombok-1.18.8.jar;E:\repo\com\baomidou\mybatis-plus-boot-starter\3.3.0\mybatis-plus-boot-starter-3.3.0.jar;E:\repo\org\springframework\boot\spring-boot-starter-jdbc\2.1.6.RELEASE\spring-boot-starter-jdbc-2.1.6.RELEASE.jar;E:\repo\com\zaxxer\HikariCP\3.2.0\HikariCP-3.2.0.jar;E:\repo\org\springframework\spring-jdbc\5.1.8.RELEASE\spring-jdbc-5.1.8.RELEASE.jar;E:\repo\org\springframework\spring-tx\5.1.8.RELEASE\spring-tx-5.1.8.RELEASE.jar;E:\repo\mysql\mysql-connector-java\8.0.16\mysql-connector-java-8.0.16.jar;E:\repo\com\alibaba\druid\1.0.29\druid-1.0.29.jar;C:\Program Files\Java\jdk1.8.0_201\jre\..\lib\jconsole.jar;C:\Program Files\Java\jdk1.8.0_201\jre\..\lib\tools.jar;E:\repo\junit\junit\4.7\junit-4.7.jar;E:\repo\org\springframework\spring-web\5.1.8.RELEASE\spring-web-5.1.8.RELEASE.jar;E:\repo\org\springframework\spring-beans\5.1.8.RELEASE\spring-beans-5.1.8.RELEASE.jar;E:\repo\com\baomidou\mybatis-plus\3.3.0\mybatis-plus-3.3.0.jar;E:\repo\com\baomidou\mybatis-plus-extension\3.3.0\mybatis-plus-extension-3.3.0.jar;E:\repo\com\baomidou\mybatis-plus-core\3.3.0\mybatis-plus-core-3.3.0.jar;E:\repo\com\baomidou\mybatis-plus-annotation\3.3.0\mybatis-plus-annotation-3.3.0.jar;E:\repo\com\github\jsqlparser\jsqlparser\3.1\jsqlparser-3.1.jar;E:\repo\org\mybatis\mybatis\3.5.3\mybatis-3.5.3.jar;E:\repo\org\mybatis\mybatis-spring\2.0.3\mybatis-spring-2.0.3.jar;E:\repo\org\springframework\boot\spring-boot-test\2.1.6.RELEASE\spring-boot-test-2.1.6.RELEASE.jar;"/>
    <property name="java.vm.vendor" value="Oracle Corporation"/>
    <property name="sun.arch.data.model" value="64"/>
    <property name="user.variant" value=""/>
    <property name="java.vendor.url" value="http://java.oracle.com/"/>
    <property name="user.timezone" value="Asia/Shanghai"/>
    <property name="java.vm.specification.version" value="1.8"/>
    <property name="os.name" value="Windows 7"/>
    <property name="user.country" value="CN"/>
    <property name="sun.java.launcher" value="SUN_STANDARD"/>
    <property name="sun.boot.library.path" value="C:\Program Files\Java\jdk1.8.0_201\jre\bin"/>
    <property name="sun.java.command" value="C:\Users\ADMINI~1\AppData\Local\Temp\surefire905269812795174352\surefirebooter2492384627923452802.jar C:\Users\Administrator\AppData\Local\Temp\surefire905269812795174352 2020-02-18T13-49-12_469-jvmRun1 surefire4377777852166726688tmp surefire_02345334077034383846tmp"/>
    <property name="surefire.test.class.path" value="D:\IDear项目\mybatis_plus_demo\target\test-classes;D:\IDear项目\mybatis_plus_demo\target\classes;E:\repo\org\springframework\boot\spring-boot-starter\2.1.6.RELEASE\spring-boot-starter-2.1.6.RELEASE.jar;E:\repo\org\springframework\boot\spring-boot\2.1.6.RELEASE\spring-boot-2.1.6.RELEASE.jar;E:\repo\org\springframework\spring-context\5.1.8.RELEASE\spring-context-5.1.8.RELEASE.jar;E:\repo\org\springframework\spring-aop\5.1.8.RELEASE\spring-aop-5.1.8.RELEASE.jar;E:\repo\org\springframework\spring-expression\5.1.8.RELEASE\spring-expression-5.1.8.RELEASE.jar;E:\repo\org\springframework\boot\spring-boot-autoconfigure\2.1.6.RELEASE\spring-boot-autoconfigure-2.1.6.RELEASE.jar;E:\repo\org\springframework\boot\spring-boot-starter-logging\2.1.6.RELEASE\spring-boot-starter-logging-2.1.6.RELEASE.jar;E:\repo\ch\qos\logback\logback-classic\1.2.3\logback-classic-1.2.3.jar;E:\repo\ch\qos\logback\logback-core\1.2.3\logback-core-1.2.3.jar;E:\repo\org\apache\logging\log4j\log4j-to-slf4j\2.11.2\log4j-to-slf4j-2.11.2.jar;E:\repo\org\apache\logging\log4j\log4j-api\2.11.2\log4j-api-2.11.2.jar;E:\repo\org\slf4j\jul-to-slf4j\1.7.26\jul-to-slf4j-1.7.26.jar;E:\repo\javax\annotation\javax.annotation-api\1.3.2\javax.annotation-api-1.3.2.jar;E:\repo\org\springframework\spring-core\5.1.8.RELEASE\spring-core-5.1.8.RELEASE.jar;E:\repo\org\springframework\spring-jcl\5.1.8.RELEASE\spring-jcl-5.1.8.RELEASE.jar;E:\repo\org\yaml\snakeyaml\1.23\snakeyaml-1.23.jar;E:\repo\org\springframework\boot\spring-boot-starter-test\2.1.6.RELEASE\spring-boot-starter-test-2.1.6.RELEASE.jar;E:\repo\org\springframework\boot\spring-boot-test-autoconfigure\2.1.6.RELEASE\spring-boot-test-autoconfigure-2.1.6.RELEASE.jar;E:\repo\com\jayway\jsonpath\json-path\2.4.0\json-path-2.4.0.jar;E:\repo\net\minidev\json-smart\2.3\json-smart-2.3.jar;E:\repo\net\minidev\accessors-smart\1.2\accessors-smart-1.2.jar;E:\repo\org\ow2\asm\asm\5.0.4\asm-5.0.4.jar;E:\repo\org\slf4j\slf4j-api\1.7.26\slf4j-api-1.7.26.jar;E:\repo\org\assertj\assertj-core\3.11.1\assertj-core-3.11.1.jar;E:\repo\org\mockito\mockito-core\2.23.4\mockito-core-2.23.4.jar;E:\repo\net\bytebuddy\byte-buddy\1.9.13\byte-buddy-1.9.13.jar;E:\repo\net\bytebuddy\byte-buddy-agent\1.9.13\byte-buddy-agent-1.9.13.jar;E:\repo\org\objenesis\objenesis\2.6\objenesis-2.6.jar;E:\repo\org\hamcrest\hamcrest-core\1.3\hamcrest-core-1.3.jar;E:\repo\org\hamcrest\hamcrest-library\1.3\hamcrest-library-1.3.jar;E:\repo\org\skyscreamer\jsonassert\1.5.0\jsonassert-1.5.0.jar;E:\repo\com\vaadin\external\google\android-json\0.0.20131108.vaadin1\android-json-0.0.20131108.vaadin1.jar;E:\repo\org\springframework\spring-test\5.1.8.RELEASE\spring-test-5.1.8.RELEASE.jar;E:\repo\org\xmlunit\xmlunit-core\2.6.2\xmlunit-core-2.6.2.jar;E:\repo\org\projectlombok\lombok\1.18.8\lombok-1.18.8.jar;E:\repo\com\baomidou\mybatis-plus-boot-starter\3.3.0\mybatis-plus-boot-starter-3.3.0.jar;E:\repo\org\springframework\boot\spring-boot-starter-jdbc\2.1.6.RELEASE\spring-boot-starter-jdbc-2.1.6.RELEASE.jar;E:\repo\com\zaxxer\HikariCP\3.2.0\HikariCP-3.2.0.jar;E:\repo\org\springframework\spring-jdbc\5.1.8.RELEASE\spring-jdbc-5.1.8.RELEASE.jar;E:\repo\org\springframework\spring-tx\5.1.8.RELEASE\spring-tx-5.1.8.RELEASE.jar;E:\repo\mysql\mysql-connector-java\8.0.16\mysql-connector-java-8.0.16.jar;E:\repo\com\alibaba\druid\1.0.29\druid-1.0.29.jar;C:\Program Files\Java\jdk1.8.0_201\jre\..\lib\jconsole.jar;C:\Program Files\Java\jdk1.8.0_201\jre\..\lib\tools.jar;E:\repo\junit\junit\4.7\junit-4.7.jar;E:\repo\org\springframework\spring-web\5.1.8.RELEASE\spring-web-5.1.8.RELEASE.jar;E:\repo\org\springframework\spring-beans\5.1.8.RELEASE\spring-beans-5.1.8.RELEASE.jar;E:\repo\com\baomidou\mybatis-plus\3.3.0\mybatis-plus-3.3.0.jar;E:\repo\com\baomidou\mybatis-plus-extension\3.3.0\mybatis-plus-extension-3.3.0.jar;E:\repo\com\baomidou\mybatis-plus-core\3.3.0\mybatis-plus-core-3.3.0.jar;E:\repo\com\baomidou\mybatis-plus-annotation\3.3.0\mybatis-plus-annotation-3.3.0.jar;E:\repo\com\github\jsqlparser\jsqlparser\3.1\jsqlparser-3.1.jar;E:\repo\org\mybatis\mybatis\3.5.3\mybatis-3.5.3.jar;E:\repo\org\mybatis\mybatis-spring\2.0.3\mybatis-spring-2.0.3.jar;E:\repo\org\springframework\boot\spring-boot-test\2.1.6.RELEASE\spring-boot-test-2.1.6.RELEASE.jar;"/>
    <property name="sun.cpu.endian" value="little"/>
    <property name="user.home" value="C:\Users\Administrator"/>
    <property name="user.language" value="zh"/>
    <property name="java.specification.vendor" value="Oracle Corporation"/>
    <property name="java.home" value="C:\Program Files\Java\jdk1.8.0_201\jre"/>
    <property name="basedir" value="D:\IDear项目\mybatis_plus_demo"/>
    <property name="file.separator" value="\"/>
    <property name="line.separator" value="&#10;"/>
    <property name="java.vm.specification.vendor" value="Oracle Corporation"/>
    <property name="java.specification.name" value="Java Platform API Specification"/>
    <property name="java.awt.graphicsenv" value="sun.awt.Win32GraphicsEnvironment"/>
    <property name="surefire.real.class.path" value="C:\Users\ADMINI~1\AppData\Local\Temp\surefire905269812795174352\surefirebooter2492384627923452802.jar"/>
    <property name="sun.boot.class.path" value="C:\Program Files\Java\jdk1.8.0_201\jre\lib\resources.jar;C:\Program Files\Java\jdk1.8.0_201\jre\lib\rt.jar;C:\Program Files\Java\jdk1.8.0_201\jre\lib\sunrsasign.jar;C:\Program Files\Java\jdk1.8.0_201\jre\lib\jsse.jar;C:\Program Files\Java\jdk1.8.0_201\jre\lib\jce.jar;C:\Program Files\Java\jdk1.8.0_201\jre\lib\charsets.jar;C:\Program Files\Java\jdk1.8.0_201\jre\lib\jfr.jar;C:\Program Files\Java\jdk1.8.0_201\jre\classes"/>
    <property name="user.script" value=""/>
    <property name="sun.management.compiler" value="HotSpot 64-Bit Tiered Compilers"/>
    <property name="java.runtime.version" value="1.8.0_201-b09"/>
    <property name="user.name" value="Administrator"/>
    <property name="path.separator" value=";"/>
    <property name="os.version" value="6.1"/>
    <property name="java.endorsed.dirs" value="C:\Program Files\Java\jdk1.8.0_201\jre\lib\endorsed"/>
    <property name="java.runtime.name" value="Java(TM) SE Runtime Environment"/>
    <property name="file.encoding" value="GBK"/>
    <property name="java.vm.name" value="Java HotSpot(TM) 64-Bit Server VM"/>
    <property name="localRepository" value="E:\repo"/>
    <property name="java.vendor.url.bug" value="http://bugreport.sun.com/bugreport/"/>
    <property name="java.io.tmpdir" value="C:\Users\ADMINI~1\AppData\Local\Temp\"/>
    <property name="idea.version" value="2018.3.1"/>
    <property name="java.version" value="1.8.0_201"/>
    <property name="user.dir" value="D:\IDear项目\mybatis_plus_demo"/>
    <property name="os.arch" value="amd64"/>
    <property name="java.vm.specification.name" value="Java Virtual Machine Specification"/>
    <property name="java.awt.printerjob" value="sun.awt.windows.WPrinterJob"/>
    <property name="sun.os.patch.level" value="Service Pack 1"/>
    <property name="java.library.path" value="C:\Program Files\Java\jdk1.8.0_201\jre\bin;C:\Windows\Sun\Java\bin;C:\Windows\system32;C:\Windows;E:\oracleBase\product\11.2.0\dbhome_1\bin;C:\Oracle\ora90\BIN\;C:\Program Files\AuthenTec TrueSuite\;C:\Windows\system32;C:\Windows;C:\Windows\System32\Wbem;C:\Windows\System32\WindowsPowerShell\v1.0\;D:\Program Files\JetBrains\IntelliJ IDEA 2018.3.1\plugins\maven\lib\maven3\bin;D:\Program Files\apache-tomcat-7.0.91\bin;C:\Program Files\Java\jdk1.8.0_201\bin;D:\Program Files (x86)\Subversion\bin;D:\Program Files\Git\usr\bin;D:\Program Files\TortoiseSVN\bin;."/>
    <property name="java.vm.info" value="mixed mode"/>
    <property name="java.vendor" value="Oracle Corporation"/>
    <property name="java.vm.version" value="25.201-b09"/>
    <property name="java.ext.dirs" value="C:\Program Files\Java\jdk1.8.0_201\jre\lib\ext;C:\Windows\Sun\Java\lib\ext"/>
    <property name="sun.io.unicode.encoding" value="UnicodeLittle"/>
    <property name="java.class.version" value="52.0"/>
  </properties>
  <testcase name="initializationError" classname="com.test.SampleTest" time="0.005">
    <error type="java.lang.ExceptionInInitializerError">java.lang.ExceptionInInitializerError
Caused by: java.lang.IllegalStateException: SpringJUnit4ClassRunner requires JUnit 4.12 or higher.
</error>
  </testcase>
</testsuite>